    OpenRGB v0.9+ (1.0rc2)
    Commit:  from 
    Launched: 20260128_004051
====================================================================================================

0     |Info:    [ProfileManager] Found file: myconf_openrgb.orp attempting to validate header
10    |Info:    [ProfileManager] Valid v5 profile found for myconf_openrgb
65    |Info:    [ResourceManager] Initializing HID interfaces: Success
65    |Info:    ------------------------------------------------------
65    |Info:    |               Start device detection               |
65    |Info:    ------------------------------------------------------
77    |Info:    ------------------------------------------------------
77    |Info:    |             Detecting I2C interfaces               |
77    |Info:    ------------------------------------------------------
77    |Info:    [ResourceManager] Registering I2C interface: /dev/i2c-3 Device 8086:3E9B Subsystem: 103C:85FD
77    |Warning: [i2c_smbus_linux] Failed to read i2c device PCI device ID
77    |Info:    [ResourceManager] Registering I2C interface: /dev/i2c-20 Device 0000:0000 Subsystem: 0000:0000
77    |Info:    [ResourceManager] Registering I2C interface: /dev/i2c-10 Device 10DE:1C91 Subsystem: 103C:85FD
78    |Info:    [ResourceManager] Registering I2C interface: /dev/i2c-1 Device 8086:3E9B Subsystem: 103C:85FD
78    |Info:    [ResourceManager] Registering I2C interface: /dev/i2c-ELAN0710:01 Device 0000:0000 Subsystem: 0000:0000
78    |Warning: [i2c_smbus_linux] Failed to read i2c device PCI device ID
78    |Info:    [ResourceManager] Registering I2C interface: /dev/i2c-19 Device 0000:0000 Subsystem: 0000:0000
78    |Info:    [ResourceManager] Registering I2C interface: /dev/i2c-17 Device 10DE:1C91 Subsystem: 103C:85FD
78    |Info:    [ResourceManager] Registering I2C interface: /dev/i2c-8 Device 10DE:1C91 Subsystem: 103C:85FD
78    |Info:    [ResourceManager] Registering I2C interface: /dev/i2c-15 Device 10DE:1C91 Subsystem: 103C:85FD
78    |Info:    [ResourceManager] Registering I2C interface: /dev/i2c-6 Device 10DE:1C91 Subsystem: 103C:85FD
78    |Info:    [ResourceManager] Registering I2C interface: /dev/i2c-13 Device 10DE:1C91 Subsystem: 103C:85FD
78    |Info:    [ResourceManager] Registering I2C interface: /dev/i2c-4 Device 8086:3E9B Subsystem: 103C:85FD
78    |Info:    [ResourceManager] Registering I2C interface: /dev/i2c-21 Device 0000:0000 Subsystem: 0000:0000
78    |Info:    [ResourceManager] Registering I2C interface: /dev/i2c-11 Device 10DE:1C91 Subsystem: 103C:85FD
79    |Info:    [ResourceManager] Registering I2C interface: /dev/i2c-2 Device 8086:3E9B Subsystem: 103C:85FD
79    |Info:    [ResourceManager] Registering I2C interface: /dev/i2c-0 Device 0000:0000 Subsystem: 0000:0000
79    |Info:    [ResourceManager] Registering I2C interface: /dev/i2c-18 Device 10DE:1C91 Subsystem: 103C:85FD
79    |Info:    [ResourceManager] Registering I2C interface: /dev/i2c-9 Device 10DE:1C91 Subsystem: 103C:85FD
79    |Info:    [ResourceManager] Registering I2C interface: /dev/i2c-16 Device 10DE:1C91 Subsystem: 103C:85FD
79    |Info:    [ResourceManager] Registering I2C interface: /dev/i2c-7 Device 10DE:1C91 Subsystem: 103C:85FD
79    |Info:    [ResourceManager] Registering I2C interface: /dev/i2c-14 Device 10DE:1C91 Subsystem: 103C:85FD
79    |Info:    [ResourceManager] Registering I2C interface: /dev/i2c-5 Device 10DE:1C91 Subsystem: 103C:85FD
79    |Info:    [ResourceManager] Registering I2C interface: /dev/i2c-22 Device 8086:A323 Subsystem: 103C:85FD
79    |Info:    [ResourceManager] Registering I2C interface: /dev/i2c-12 Device 10DE:1C91 Subsystem: 103C:85FD
79    |Info:    ------------------------------------------------------
79    |Info:    |               Detecting I2C devices                |
79    |Info:    ------------------------------------------------------
460   |Info:    ------------------------------------------------------
460   |Info:    |            Detecting I2C DIMM modules              |
460   |Info:    ------------------------------------------------------
749   |Info:    [ResourceManager] Detected occupied slot 1, bus 22, type DDR4
944   |Info:    ------------------------------------------------------
944   |Info:    |               Detecting I2C PCI devices            |
944   |Info:    ------------------------------------------------------
946   |Info:    ------------------------------------------------------
946   |Info:    |               Detecting HID devices                |
946   |Info:    ------------------------------------------------------
1250  |Info:    [SteelSeries Aerox 5 Wired] Registering RGB controller
1252  |Info:    ------------------------------------------------------
1252  |Info:    |            Detecting libusb HID devices            |
1252  |Info:    ------------------------------------------------------
1269  |Info:    ------------------------------------------------------
1269  |Info:    |              Detecting other devices               |
1269  |Info:    ------------------------------------------------------
1299  |Info:    [ResourceManager] Calling Post-detection callbacks
1299  |Info:    ------------------------------------------------------
1299  |Info:    |                Detection completed                 |
1299  |Info:    ------------------------------------------------------
1299  |Dialog:  <h2>Some internal devices may not be detected:</h2><p>One or more I2C or SMBus interfaces failed to initialize.</p><p><b>RGB DRAM modules, some motherboards' onboard RGB lighting, and RGB Graphics Cards, will not be available in OpenRGB</b> without I2C or SMBus.</p><h4>How to fix this:</h4><p>On Linux, this is usually because the i2c-dev module is not loaded.</p><p>You must load the i2c-dev module along with the correct i2c driver for your motherboard. This is usually i2c-piix4 for AMD systems and i2c-i801 for Intel systems.</p><p>See <a href='https://help.openrgb.org/'>help.openrgb.org</a> for additional troubleshooting steps if you keep seeing this message.<br></p><h3>If you are not using internal RGB on a desktop this message is not important to you.</h3>
12459 |Info:    [ProfileManager] Profile loading: Succeeded for SteelSeries Aerox 5 Wired @ HID: /dev/hidraw5
