    OpenRGB v0.9+ (1.0rc2)
    Commit:  from 
    Launched: 20260120_234625
====================================================================================================

54    |Info:    [ResourceManager] Saving detector settings
56    |Info:    [ResourceManager] Initializing HID interfaces: Success
56    |Info:    ------------------------------------------------------
56    |Info:    |               Start device detection               |
56    |Info:    ------------------------------------------------------
65    |Info:    ------------------------------------------------------
65    |Info:    |             Detecting I2C interfaces               |
65    |Info:    ------------------------------------------------------
90    |Info:    [ResourceManager] Registering I2C interface: /dev/i2c-3 Device 8086:3E9B Subsystem: 103C:85FD
90    |Warning: [i2c_smbus_linux] Failed to read i2c device PCI device ID
90    |Info:    [ResourceManager] Registering I2C interface: /dev/i2c-20 Device 0000:0000 Subsystem: 0000:0000
90    |Info:    [ResourceManager] Registering I2C interface: /dev/i2c-10 Device 10DE:1C91 Subsystem: 103C:85FD
90    |Info:    [ResourceManager] Registering I2C interface: /dev/i2c-1 Device 8086:3E9B Subsystem: 103C:85FD
90    |Info:    [ResourceManager] Registering I2C interface: /dev/i2c-ELAN0710:01 Device 0000:0000 Subsystem: 0000:0000
90    |Warning: [i2c_smbus_linux] Failed to read i2c device PCI device ID
91    |Info:    [ResourceManager] Registering I2C interface: /dev/i2c-19 Device 0000:0000 Subsystem: 0000:0000
91    |Info:    [ResourceManager] Registering I2C interface: /dev/i2c-17 Device 10DE:1C91 Subsystem: 103C:85FD
91    |Info:    [ResourceManager] Registering I2C interface: /dev/i2c-8 Device 10DE:1C91 Subsystem: 103C:85FD
91    |Info:    [ResourceManager] Registering I2C interface: /dev/i2c-15 Device 10DE:1C91 Subsystem: 103C:85FD
91    |Info:    [ResourceManager] Registering I2C interface: /dev/i2c-6 Device 10DE:1C91 Subsystem: 103C:85FD
91    |Info:    [ResourceManager] Registering I2C interface: /dev/i2c-13 Device 10DE:1C91 Subsystem: 103C:85FD
91    |Info:    [ResourceManager] Registering I2C interface: /dev/i2c-4 Device 8086:3E9B Subsystem: 103C:85FD
91    |Info:    [ResourceManager] Registering I2C interface: /dev/i2c-21 Device 0000:0000 Subsystem: 0000:0000
91    |Info:    [ResourceManager] Registering I2C interface: /dev/i2c-11 Device 10DE:1C91 Subsystem: 103C:85FD
91    |Info:    [ResourceManager] Registering I2C interface: /dev/i2c-2 Device 8086:3E9B Subsystem: 103C:85FD
92    |Info:    [ResourceManager] Registering I2C interface: /dev/i2c-0 Device 0000:0000 Subsystem: 0000:0000
92    |Info:    [ResourceManager] Registering I2C interface: /dev/i2c-18 Device 10DE:1C91 Subsystem: 103C:85FD
92    |Info:    [ResourceManager] Registering I2C interface: /dev/i2c-9 Device 10DE:1C91 Subsystem: 103C:85FD
92    |Info:    [ResourceManager] Registering I2C interface: /dev/i2c-16 Device 10DE:1C91 Subsystem: 103C:85FD
92    |Info:    [ResourceManager] Registering I2C interface: /dev/i2c-7 Device 10DE:1C91 Subsystem: 103C:85FD
92    |Info:    [ResourceManager] Registering I2C interface: /dev/i2c-14 Device 10DE:1C91 Subsystem: 103C:85FD
92    |Info:    [ResourceManager] Registering I2C interface: /dev/i2c-5 Device 10DE:1C91 Subsystem: 103C:85FD
92    |Info:    [ResourceManager] Registering I2C interface: /dev/i2c-22 Device 8086:A323 Subsystem: 103C:85FD
92    |Info:    [ResourceManager] Registering I2C interface: /dev/i2c-12 Device 10DE:1C91 Subsystem: 103C:85FD
92    |Info:    ------------------------------------------------------
92    |Info:    |               Detecting I2C devices                |
92    |Info:    ------------------------------------------------------
392   |Info:    ------------------------------------------------------
392   |Info:    |            Detecting I2C DIMM modules              |
392   |Info:    ------------------------------------------------------
723   |Info:    [ResourceManager] Detected occupied slot 1, bus 22, type DDR4
948   |Info:    ------------------------------------------------------
948   |Info:    |               Detecting I2C PCI devices            |
948   |Info:    ------------------------------------------------------
950   |Info:    ------------------------------------------------------
950   |Info:    |               Detecting HID devices                |
950   |Info:    ------------------------------------------------------
1253  |Info:    [SteelSeries Aerox 5 Wired] Registering RGB controller
1253  |Info:    ------------------------------------------------------
1253  |Info:    |            Detecting libusb HID devices            |
1253  |Info:    ------------------------------------------------------
1291  |Info:    ------------------------------------------------------
1291  |Info:    |              Detecting other devices               |
1291  |Info:    ------------------------------------------------------
1303  |Info:    [ResourceManager] Calling Post-detection callbacks
1303  |Info:    ------------------------------------------------------
1303  |Info:    |                Detection completed                 |
1303  |Info:    ------------------------------------------------------
1303  |Dialog:  <h2>Some internal devices may not be detected:</h2><p>One or more I2C or SMBus interfaces failed to initialize.</p><p><b>RGB DRAM modules, some motherboards' onboard RGB lighting, and RGB Graphics Cards, will not be available in OpenRGB</b> without I2C or SMBus.</p><h4>How to fix this:</h4><p>On Linux, this is usually because the i2c-dev module is not loaded.</p><p>You must load the i2c-dev module along with the correct i2c driver for your motherboard. This is usually i2c-piix4 for AMD systems and i2c-i801 for Intel systems.</p><p>See <a href='https://help.openrgb.org/'>help.openrgb.org</a> for additional troubleshooting steps if you keep seeing this message.<br></p><h3>If you are not using internal RGB on a desktop this message is not important to you.</h3>
156663|Info:    [ResourceManager] Initializing HID interfaces: Success
156663|Info:    ------------------------------------------------------
156663|Info:    |               Start device detection               |
156663|Info:    ------------------------------------------------------
156675|Info:    ------------------------------------------------------
156675|Info:    |             Detecting I2C interfaces               |
156675|Info:    ------------------------------------------------------
156676|Info:    [ResourceManager] Registering I2C interface: /dev/i2c-3 Device 8086:3E9B Subsystem: 103C:85FD
156676|Warning: [i2c_smbus_linux] Failed to read i2c device PCI device ID
156676|Info:    [ResourceManager] Registering I2C interface: /dev/i2c-20 Device 0000:0000 Subsystem: 0000:0000
156676|Info:    [ResourceManager] Registering I2C interface: /dev/i2c-10 Device 10DE:1C91 Subsystem: 103C:85FD
156676|Info:    [ResourceManager] Registering I2C interface: /dev/i2c-1 Device 8086:3E9B Subsystem: 103C:85FD
156676|Info:    [ResourceManager] Registering I2C interface: /dev/i2c-ELAN0710:01 Device 0000:0000 Subsystem: 0000:0000
156676|Warning: [i2c_smbus_linux] Failed to read i2c device PCI device ID
156676|Info:    [ResourceManager] Registering I2C interface: /dev/i2c-19 Device 0000:0000 Subsystem: 0000:0000
156676|Info:    [ResourceManager] Registering I2C interface: /dev/i2c-17 Device 10DE:1C91 Subsystem: 103C:85FD
156676|Info:    [ResourceManager] Registering I2C interface: /dev/i2c-8 Device 10DE:1C91 Subsystem: 103C:85FD
156676|Info:    [ResourceManager] Registering I2C interface: /dev/i2c-15 Device 10DE:1C91 Subsystem: 103C:85FD
156677|Info:    [ResourceManager] Registering I2C interface: /dev/i2c-6 Device 10DE:1C91 Subsystem: 103C:85FD
156677|Info:    [ResourceManager] Registering I2C interface: /dev/i2c-13 Device 10DE:1C91 Subsystem: 103C:85FD
156677|Info:    [ResourceManager] Registering I2C interface: /dev/i2c-4 Device 8086:3E9B Subsystem: 103C:85FD
156677|Info:    [ResourceManager] Registering I2C interface: /dev/i2c-21 Device 0000:0000 Subsystem: 0000:0000
156677|Info:    [ResourceManager] Registering I2C interface: /dev/i2c-11 Device 10DE:1C91 Subsystem: 103C:85FD
156677|Info:    [ResourceManager] Registering I2C interface: /dev/i2c-2 Device 8086:3E9B Subsystem: 103C:85FD
156677|Info:    [ResourceManager] Registering I2C interface: /dev/i2c-0 Device 0000:0000 Subsystem: 0000:0000
156677|Info:    [ResourceManager] Registering I2C interface: /dev/i2c-18 Device 10DE:1C91 Subsystem: 103C:85FD
156677|Info:    [ResourceManager] Registering I2C interface: /dev/i2c-9 Device 10DE:1C91 Subsystem: 103C:85FD
156677|Info:    [ResourceManager] Registering I2C interface: /dev/i2c-16 Device 10DE:1C91 Subsystem: 103C:85FD
156677|Info:    [ResourceManager] Registering I2C interface: /dev/i2c-7 Device 10DE:1C91 Subsystem: 103C:85FD
156678|Info:    [ResourceManager] Registering I2C interface: /dev/i2c-14 Device 10DE:1C91 Subsystem: 103C:85FD
156678|Info:    [ResourceManager] Registering I2C interface: /dev/i2c-5 Device 10DE:1C91 Subsystem: 103C:85FD
156678|Info:    [ResourceManager] Registering I2C interface: /dev/i2c-22 Device 8086:A323 Subsystem: 103C:85FD
156678|Info:    [ResourceManager] Registering I2C interface: /dev/i2c-12 Device 10DE:1C91 Subsystem: 103C:85FD
156678|Info:    ------------------------------------------------------
156678|Info:    |               Detecting I2C devices                |
156678|Info:    ------------------------------------------------------
156978|Info:    ------------------------------------------------------
156978|Info:    |            Detecting I2C DIMM modules              |
156978|Info:    ------------------------------------------------------
157353|Info:    [ResourceManager] Detected occupied slot 1, bus 22, type DDR4
157599|Info:    ------------------------------------------------------
157599|Info:    |               Detecting I2C PCI devices            |
157599|Info:    ------------------------------------------------------
157601|Info:    ------------------------------------------------------
157601|Info:    |               Detecting HID devices                |
157601|Info:    ------------------------------------------------------
157904|Info:    [SteelSeries Aerox 5 Wired] Registering RGB controller
157904|Info:    ------------------------------------------------------
157904|Info:    |            Detecting libusb HID devices            |
157904|Info:    ------------------------------------------------------
157906|Info:    ------------------------------------------------------
157906|Info:    |              Detecting other devices               |
157906|Info:    ------------------------------------------------------
157916|Info:    [ResourceManager] Calling Post-detection callbacks
157916|Info:    ------------------------------------------------------
157916|Info:    |                Detection completed                 |
157916|Info:    ------------------------------------------------------
157916|Dialog:  <h2>Some internal devices may not be detected:</h2><p>One or more I2C or SMBus interfaces failed to initialize.</p><p><b>RGB DRAM modules, some motherboards' onboard RGB lighting, and RGB Graphics Cards, will not be available in OpenRGB</b> without I2C or SMBus.</p><h4>How to fix this:</h4><p>On Linux, this is usually because the i2c-dev module is not loaded.</p><p>You must load the i2c-dev module along with the correct i2c driver for your motherboard. This is usually i2c-piix4 for AMD systems and i2c-i801 for Intel systems.</p><p>See <a href='https://help.openrgb.org/'>help.openrgb.org</a> for additional troubleshooting steps if you keep seeing this message.<br></p><h3>If you are not using internal RGB on a desktop this message is not important to you.</h3>
174237|ERROR:   [OpenRGBPluginsPage] Failed to install plugin: filesystem error: cannot copy: No such file or directory [] [/home/princesse/.config/OpenRGB/plugins/]
200068|Info:    [ResourceManager] Initializing HID interfaces: Success
200069|Info:    ------------------------------------------------------
200069|Info:    |               Start device detection               |
200069|Info:    ------------------------------------------------------
200081|Info:    ------------------------------------------------------
200081|Info:    |             Detecting I2C interfaces               |
200081|Info:    ------------------------------------------------------
200081|Info:    [ResourceManager] Registering I2C interface: /dev/i2c-3 Device 8086:3E9B Subsystem: 103C:85FD
200081|Warning: [i2c_smbus_linux] Failed to read i2c device PCI device ID
200081|Info:    [ResourceManager] Registering I2C interface: /dev/i2c-20 Device 0000:0000 Subsystem: 0000:0000
200081|Info:    [ResourceManager] Registering I2C interface: /dev/i2c-10 Device 10DE:1C91 Subsystem: 103C:85FD
200081|Info:    [ResourceManager] Registering I2C interface: /dev/i2c-1 Device 8086:3E9B Subsystem: 103C:85FD
200082|Info:    [ResourceManager] Registering I2C interface: /dev/i2c-ELAN0710:01 Device 0000:0000 Subsystem: 0000:0000
200082|Warning: [i2c_smbus_linux] Failed to read i2c device PCI device ID
200082|Info:    [ResourceManager] Registering I2C interface: /dev/i2c-19 Device 0000:0000 Subsystem: 0000:0000
200082|Info:    [ResourceManager] Registering I2C interface: /dev/i2c-17 Device 10DE:1C91 Subsystem: 103C:85FD
200082|Info:    [ResourceManager] Registering I2C interface: /dev/i2c-8 Device 10DE:1C91 Subsystem: 103C:85FD
200082|Info:    [ResourceManager] Registering I2C interface: /dev/i2c-15 Device 10DE:1C91 Subsystem: 103C:85FD
200082|Info:    [ResourceManager] Registering I2C interface: /dev/i2c-6 Device 10DE:1C91 Subsystem: 103C:85FD
200082|Info:    [ResourceManager] Registering I2C interface: /dev/i2c-13 Device 10DE:1C91 Subsystem: 103C:85FD
200082|Info:    [ResourceManager] Registering I2C interface: /dev/i2c-4 Device 8086:3E9B Subsystem: 103C:85FD
200082|Info:    [ResourceManager] Registering I2C interface: /dev/i2c-21 Device 0000:0000 Subsystem: 0000:0000
200082|Info:    [ResourceManager] Registering I2C interface: /dev/i2c-11 Device 10DE:1C91 Subsystem: 103C:85FD
200082|Info:    [ResourceManager] Registering I2C interface: /dev/i2c-2 Device 8086:3E9B Subsystem: 103C:85FD
200083|Info:    [ResourceManager] Registering I2C interface: /dev/i2c-0 Device 0000:0000 Subsystem: 0000:0000
200083|Info:    [ResourceManager] Registering I2C interface: /dev/i2c-18 Device 10DE:1C91 Subsystem: 103C:85FD
200083|Info:    [ResourceManager] Registering I2C interface: /dev/i2c-9 Device 10DE:1C91 Subsystem: 103C:85FD
200083|Info:    [ResourceManager] Registering I2C interface: /dev/i2c-16 Device 10DE:1C91 Subsystem: 103C:85FD
200083|Info:    [ResourceManager] Registering I2C interface: /dev/i2c-7 Device 10DE:1C91 Subsystem: 103C:85FD
200083|Info:    [ResourceManager] Registering I2C interface: /dev/i2c-14 Device 10DE:1C91 Subsystem: 103C:85FD
200083|Info:    [ResourceManager] Registering I2C interface: /dev/i2c-5 Device 10DE:1C91 Subsystem: 103C:85FD
200083|Info:    [ResourceManager] Registering I2C interface: /dev/i2c-22 Device 8086:A323 Subsystem: 103C:85FD
200083|Info:    [ResourceManager] Registering I2C interface: /dev/i2c-12 Device 10DE:1C91 Subsystem: 103C:85FD
200083|Info:    ------------------------------------------------------
200083|Info:    |               Detecting I2C devices                |
200083|Info:    ------------------------------------------------------
200385|Info:    ------------------------------------------------------
200385|Info:    |            Detecting I2C DIMM modules              |
200385|Info:    ------------------------------------------------------
200757|Info:    [ResourceManager] Detected occupied slot 1, bus 22, type DDR4
201016|Info:    ------------------------------------------------------
201016|Info:    |               Detecting I2C PCI devices            |
201016|Info:    ------------------------------------------------------
201018|Info:    ------------------------------------------------------
201018|Info:    |               Detecting HID devices                |
201018|Info:    ------------------------------------------------------
201321|Info:    [SteelSeries Aerox 5 Wired] Registering RGB controller
201321|Info:    ------------------------------------------------------
201321|Info:    |            Detecting libusb HID devices            |
201321|Info:    ------------------------------------------------------
201325|Info:    ------------------------------------------------------
201325|Info:    |              Detecting other devices               |
201325|Info:    ------------------------------------------------------
201332|Info:    [ResourceManager] Calling Post-detection callbacks
201332|Info:    ------------------------------------------------------
201332|Info:    |                Detection completed                 |
201332|Info:    ------------------------------------------------------
201332|Dialog:  <h2>Some internal devices may not be detected:</h2><p>One or more I2C or SMBus interfaces failed to initialize.</p><p><b>RGB DRAM modules, some motherboards' onboard RGB lighting, and RGB Graphics Cards, will not be available in OpenRGB</b> without I2C or SMBus.</p><h4>How to fix this:</h4><p>On Linux, this is usually because the i2c-dev module is not loaded.</p><p>You must load the i2c-dev module along with the correct i2c driver for your motherboard. This is usually i2c-piix4 for AMD systems and i2c-i801 for Intel systems.</p><p>See <a href='https://help.openrgb.org/'>help.openrgb.org</a> for additional troubleshooting steps if you keep seeing this message.<br></p><h3>If you are not using internal RGB on a desktop this message is not important to you.</h3>
